<?xml version="1.0" encoding="UTF-8"?>
<!-- Generated by org.testng.reporters.JUnitReportReporter -->
<testsuite skipped="0" hostname="DESKTOP-EVK9GMC" name="demo.Test4" tests="1" failures="0" timestamp="2021-03-03T21:42:46 IST" time="57.030" errors="0">
  <testcase name="demo" time="57.030" classname="demo.Test4"/>
</testsuite> <!-- demo.Test4 -->
