<?xml version="1.0" encoding="UTF-8"?>
<!-- Generated by org.testng.reporters.JUnitReportReporter -->
<testsuite skipped="0" hostname="DESKTOP-EVK9GMC" name="demo.Test1" tests="1" failures="0" timestamp="2021-03-03T11:37:22 IST" time="166.788" errors="0">
  <testcase name="demo" time="166.788" classname="demo.Test1"/>
</testsuite> <!-- demo.Test1 -->
