<?xml version="1.0" encoding="UTF-8"?>
<!-- Generated by org.testng.reporters.JUnitReportReporter -->
<testsuite skipped="0" hostname="DESKTOP-EVK9GMC" name="demo.Test3" tests="1" failures="0" timestamp="2021-03-03T21:32:39 IST" time="42.336" errors="0">
  <testcase name="demo" time="42.336" classname="demo.Test3"/>
</testsuite> <!-- demo.Test3 -->
